2026-03-08 13:49:42,562 - ============================================================
2026-03-08 13:49:42,562 - 开始发布文章
2026-03-08 13:49:42,562 - ============================================================
2026-03-08 13:49:42,563 - 标题: 时间的重量：在流逝中寻找意义
2026-03-08 13:49:42,563 - 作者: Ke舟
2026-03-08 13:49:42,563 - 正文长度: 694 字符
2026-03-08 13:49:42,579 - 🤖 WeChatRPA 已初始化
2026-03-08 13:49:42,579 - ------------------------------------------------------------
2026-03-08 13:49:42,579 - 步骤 1/4: 登录公众号
2026-03-08 13:49:42,580 - ------------------------------------------------------------
2026-03-08 13:49:43,086 - 找到 Edge 浏览器: C:\Program Files (x86)\Microsoft\Edge\Application\msedge.exe
2026-03-08 13:49:43,089 - 使用系统浏览器: C:\Program Files (x86)\Microsoft\Edge\Application\msedge.exe
2026-03-08 13:49:43,340 - 加载保存的登录状态...
2026-03-08 13:49:43,689 - 浏览器初始化完成
2026-03-08 13:49:43,689 - 访问公众号后台...
2026-03-08 13:49:48,017 - 已处于登录状态
2026-03-08 13:49:48,017 - 登录成功
2026-03-08 13:49:48,018 - ------------------------------------------------------------
2026-03-08 13:49:48,018 - 步骤 2/4: 填写文章内容
2026-03-08 13:49:48,018 - ------------------------------------------------------------
2026-03-08 13:49:48,018 - 通过菜单导航进入编辑页面...
2026-03-08 13:49:48,018 - 已在公众号首页
2026-03-08 13:49:50,669 - 点击'文章'...
2026-03-08 13:49:50,707 - 找到'文章'按钮: text=文章 (文字: '文章')
2026-03-08 13:50:15,616 - 已点击'文章'，等待页面加载...
2026-03-08 13:50:19,631 - 等待编辑器标签页打开...
2026-03-08 13:50:27,689 - 未检测到新标签页，检查当前页面...
2026-03-08 13:50:27,690 - 仍在首页，可能点击未生效或页面加载较慢
2026-03-08 13:50:30,807 - 检测到仍在首页，重新尝试点击'文章'...
2026-03-08 13:50:30,808 - 点击'文章'...
2026-03-08 13:50:30,830 - 找到'文章'按钮: text=文章 (文字: '文章')
2026-03-08 13:50:52,475 - 已点击'文章'，等待页面加载...
2026-03-08 13:50:59,486 - 切换到编辑标签页: https://mp.weixin.qq.com/cgi-bin/appmsg?t=media/appmsg_edit_...
2026-03-08 13:50:59,550 - 当前页面已是编辑页面
2026-03-08 13:50:59,672 - 编辑页面加载完成
2026-03-08 13:51:01,769 - ✅ 成功通过菜单导航进入编辑页面
2026-03-08 13:51:06,728 - 准备填写标题，长度: 14, 内容: 时间的重量：在流逝中寻找意义...
2026-03-08 13:51:06,728 - 填写标题: 时间的重量：在流逝中寻找意义...
2026-03-08 13:51:07,270 - ✅ 标题填写成功
2026-03-08 13:51:09,720 - 准备填写作者: Ke舟
2026-03-08 13:51:09,720 - 填写作者: Ke舟
2026-03-08 13:51:10,249 - ✅ 作者填写成功
2026-03-08 13:51:11,564 - 填写正文内容...
2026-03-08 13:51:26,611 - 粘贴失败: 编辑器 iframe 未找到
2026-03-08 13:51:26,611 - 使用 JavaScript 填写正文...
2026-03-08 13:51:26,625 - JavaScript 填写结果: failed to find editor
2026-03-08 13:51:28,513 - 上传封面: D:\OpenClaw-Projects\wechat-ai-assistant\背景.png
2026-03-08 13:51:59,025 - 封面上传失败: Locator.click: Timeout 30000ms exceeded.
Call log:
  - waiting for locator("text=本地上传").first
    - locator resolved to <li class="tpl_dropdown_menu_item">…</li>
  - attempting click action
    2 × waiting for element to be visible, enabled and stable
      - element is not visible
    - retrying click action
    - waiting 20ms
    2 × waiting for element to be visible, enabled and stable
      - element is not visible
    - retrying click action
      - waiting 100ms
    58 × waiting for element to be visible, enabled and stable
       - element is not visible
     - retrying click action
       - waiting 500ms

2026-03-08 13:51:59,025 - ✅ 文章内容填写完成
2026-03-08 13:51:59,026 - 文章内容填写完成
2026-03-08 13:51:59,026 - ------------------------------------------------------------
