2026-03-08 14:03:22,283 - ============================================================
2026-03-08 14:03:22,283 - 开始发布文章
2026-03-08 14:03:22,283 - ============================================================
2026-03-08 14:03:22,284 - 标题: 时间的重量：在流逝中寻找意义
2026-03-08 14:03:22,284 - 作者: Ke舟
2026-03-08 14:03:22,284 - 正文长度: 694 字符
2026-03-08 14:03:22,299 - 🤖 WeChatRPA 已初始化
2026-03-08 14:03:22,299 - ------------------------------------------------------------
2026-03-08 14:03:22,299 - 步骤 1/4: 登录公众号
2026-03-08 14:03:22,299 - ------------------------------------------------------------
2026-03-08 14:03:22,804 - 找到 Edge 浏览器: C:\Program Files (x86)\Microsoft\Edge\Application\msedge.exe
2026-03-08 14:03:22,806 - 使用系统浏览器: C:\Program Files (x86)\Microsoft\Edge\Application\msedge.exe
2026-03-08 14:03:23,049 - 加载保存的登录状态...
2026-03-08 14:03:23,446 - 浏览器初始化完成
2026-03-08 14:03:23,446 - 访问公众号后台...
2026-03-08 14:03:27,716 - 已处于登录状态
2026-03-08 14:03:27,717 - 登录成功
2026-03-08 14:03:27,717 - ------------------------------------------------------------
2026-03-08 14:03:27,718 - 步骤 2/4: 填写文章内容
2026-03-08 14:03:27,718 - ------------------------------------------------------------
2026-03-08 14:03:27,718 - 通过菜单导航进入编辑页面...
2026-03-08 14:03:27,718 - 已在公众号首页
2026-03-08 14:03:30,648 - 点击'文章'...
2026-03-08 14:03:30,690 - 找到'文章'按钮: text=文章 (文字: '文章')
2026-03-08 14:03:47,958 - 已点击'文章'，等待页面加载...
2026-03-08 14:03:51,973 - 等待编辑器标签页打开...
2026-03-08 14:04:00,017 - 未检测到新标签页，检查当前页面...
2026-03-08 14:04:00,017 - 仍在首页，可能点击未生效或页面加载较慢
2026-03-08 14:04:03,120 - 检测到仍在首页，重新尝试点击'文章'...
2026-03-08 14:04:03,120 - 点击'文章'...
2026-03-08 14:04:03,143 - 找到'文章'按钮: text=文章 (文字: '文章')
2026-03-08 14:04:29,444 - 已点击'文章'，等待页面加载...
2026-03-08 14:04:36,466 - 切换到编辑标签页: https://mp.weixin.qq.com/cgi-bin/appmsg?t=media/appmsg_edit_...
2026-03-08 14:04:36,488 - 当前页面已是编辑页面
2026-03-08 14:04:36,549 - 编辑页面加载完成
2026-03-08 14:04:39,287 - ✅ 成功通过菜单导航进入编辑页面
2026-03-08 14:04:43,991 - 准备填写标题，长度: 14, 内容: 时间的重量：在流逝中寻找意义...
2026-03-08 14:04:43,991 - 填写标题: 时间的重量：在流逝中寻找意义...
2026-03-08 14:04:44,538 - ✅ 标题填写成功
2026-03-08 14:04:47,180 - 准备填写作者: Ke舟
2026-03-08 14:04:47,181 - 填写作者: Ke舟
2026-03-08 14:04:47,731 - ✅ 作者填写成功
2026-03-08 14:04:49,060 - 填写正文内容...
2026-03-08 14:04:49,074 - 步骤1: 点击编辑器聚焦...
2026-03-08 14:04:49,642 - 已点击聚焦: #ueditor_0
2026-03-08 14:04:51,627 - 步骤2: 复制内容到剪贴板...
2026-03-08 14:04:51,711 - 步骤3: 粘贴内容...
2026-03-08 14:05:22,231 - iframe粘贴失败，尝试页面级别粘贴: Locator.click: Timeout 30000ms exceeded.
Call log:
  - waiting for locator(".edui-editor-iframeholder iframe").content_frame.locator("body")

2026-03-08 14:05:24,364 - 正文填写完成
2026-03-08 14:05:26,407 - 使用AI配图...
2026-03-08 14:05:26,409 - 使用AI配图生成封面...
2026-03-08 14:05:26,409 - 步骤1: 移动到封面区域...
2026-03-08 14:05:26,420 - 找到封面区域: text=拖拽或选择封面
2026-03-08 14:05:28,526 - 步骤2: 点击AI配图...
2026-03-08 14:05:59,042 - AI配图失败: Locator.click: Timeout 30000ms exceeded.
Call log:
  - waiting for locator("text=AI配图").first

2026-03-08 14:05:59,042 - 回退到默认封面方式
2026-03-08 14:05:59,042 - ✅ 文章内容填写完成
2026-03-08 14:05:59,043 - 文章内容填写完成
2026-03-08 14:05:59,043 - ------------------------------------------------------------
