[2026-03-11 17:54:02] [INFO] 【步骤 1】WeChatRPA 初始化
[2026-03-11 17:54:02] [DEBUG] [调试] 配置: headless=False, slow_mo=500, timeout=30000
[2026-03-11 17:54:02] [DEBUG] [调试] 状态目录: data\rpa_state
[2026-03-11 17:54:09] [INFO] 【步骤 2】开始点击'文章'按钮
[2026-03-11 17:54:09] [INFO] [页面状态] URL: https://mp.weixin.qq.com/cgi-bin/home?t=home/index&lang=zh_CN&token=1868011464
[2026-03-11 17:54:09] [DEBUG] [调试] 准备尝试 15 个选择器
[2026-03-11 17:54:09] [DEBUG] [调试] [1/15] 尝试选择器: .new-creation__menu-item:has(.new-creation__menu-title:has-text("文章"))
[2026-03-11 17:54:09] [INFO] [成功] ✓ [选择器] .new-creation__menu-item:has(.new-creation__menu-title:has-text("文章")) -> 找到 (超时: 5.0s)
[2026-03-11 17:54:09] [INFO] [操作] 查找按钮 | 目标: 文章按钮 | 详情: 选择器: .new-creation__menu-item:has(.new-creation__menu-title:has-text("文章")), 文字: 文章
[2026-03-11 17:54:09] [INFO] [操作] 点击 | 目标: 文章按钮 | 详情: 使用JavaScript点击
[2026-03-11 17:54:09] [INFO] [成功] ✓ JavaScript 点击成功: clicked new-creation menu item
[2026-03-11 17:54:09] [INFO] [成功] ✓ 已点击'文章'按钮
[2026-03-11 17:54:25] [INFO] 【步骤 3】开始填写标题
[2026-03-11 17:54:25] [DEBUG] [调试] 标题内容长度: 20
[2026-03-11 17:54:25] [INFO] [操作] 查找标题输入框 | 目标: .ProseMirror[contenteditable="true"][data-placeholder*="标题"] | 详情: ProseMirror编辑器
[2026-03-11 17:54:30] [WARNING] [警告] ! 新版标题填写失败: Locator.wait_for: Timeout 5000ms exceeded.
Call log:
  - waiting for locator(".ProseMirror[contenteditable=\"true\"][data-placeholder*=\"标题\"]").first to be visible

[2026-03-11 17:54:30] [INFO] 【步骤 4】尝试旧版标题输入框
[2026-03-11 17:54:30] [INFO] [操作] 查找标题输入框 | 目标: #title | 详情: 旧版编辑器
[2026-03-11 17:54:30] [INFO] [成功] ✓ [选择器] #title -> 找到 (超时: 5.0s)
[2026-03-11 17:54:30] [INFO] [操作] 填写 | 目标: 标题输入框(旧版) | 详情: 内容: AI大模型技术持续突破，应用场景不断拓展...
[2026-03-11 17:54:30] [INFO] [成功] ✓ 标题填写成功(旧版)
[2026-03-11 17:54:32] [INFO] 【步骤 5】开始填写作者
[2026-03-11 17:54:32] [INFO] [操作] 查找作者输入框 | 目标: input#author
[2026-03-11 17:54:32] [INFO] [成功] ✓ [选择器] input#author -> 找到 (超时: 10.0s)
[2026-03-11 17:54:32] [INFO] [操作] 点击 | 目标: 作者输入框 | 详情: 聚焦
[2026-03-11 17:54:33] [INFO] [操作] 键盘操作 | 目标: 作者输入框 | 详情: Control+a 全选
[2026-03-11 17:54:34] [INFO] [操作] 填写 | 目标: 作者输入框 | 详情: 内容: AI小编
[2026-03-11 17:54:34] [INFO] [成功] ✓ 作者填写成功
[2026-03-11 17:54:36] [INFO] 【步骤 6】开始填写正文
[2026-03-11 17:54:36] [DEBUG] [调试] 正文长度: 1201 字符
[2026-03-11 17:54:36] [INFO] [操作] 尝试 | 目标: 正文编辑器 | 详情: ProseMirror方式
[2026-03-11 17:54:36] [INFO] 【步骤 7】查找ProseMirror正文编辑器
[2026-03-11 17:54:36] [DEBUG] [调试] 准备尝试 4 个选择器
[2026-03-11 17:54:36] [DEBUG] [调试] [1/4] 尝试选择器: div.ProseMirror[contenteditable="true"]:has(.editor_content_placeholder:has-text("从这里开始写正文"))
[2026-03-11 17:54:36] [INFO] [成功] ✓ [选择器] div.ProseMirror[contenteditable="true"]:has(.editor_content_placeholder:has-text("从这里开始写正文")) -> 找到 (超时: 5.0s)
[2026-03-11 17:54:36] [INFO] [操作] 点击 | 目标: 正文编辑器 | 详情: 选择器: div.ProseMirror[contenteditable="true"]:has(.editor_content_placeholder:has-text("从这里开始写正文"))
[2026-03-11 17:54:37] [INFO] [操作] 键盘操作 | 目标: 正文编辑器 | 详情: Control+a 全选
[2026-03-11 17:54:38] [INFO] [操作] 填写 | 目标: 正文编辑器 | 详情: 内容长度: 1201
[2026-03-11 17:54:39] [INFO] [成功] ✓ 正文填写成功(ProseMirror)
[2026-03-11 17:54:42] [INFO] 【步骤 8】开始AI配图生成封面
[2026-03-11 17:54:42] [INFO] 【步骤 9】Hover封面区域
[2026-03-11 17:54:42] [INFO] [成功] ✓ [选择器] .select-cover__btn.js_cover_btn_area -> 找到 (超时: 5.0s)
[2026-03-11 17:54:42] [INFO] [操作] Hover | 目标: 封面区域
[2026-03-11 17:54:44] [INFO] [成功] ✓ 已hover封面区域
[2026-03-11 17:54:44] [INFO] 【步骤 10】点击AI配图按钮
[2026-03-11 17:54:44] [DEBUG] [调试] 等待菜单弹出...
[2026-03-11 17:54:44] [WARNING] [警告] ! 菜单未显示，等待后再次检查...
[2026-03-11 17:54:50] [INFO] [操作] JavaScript点击 | 目标: AI配图按钮 | 详情: 在菜单中查找AI配图链接
[2026-03-11 17:54:50] [INFO] [成功] ✓ 点击AI配图成功 (method1: a.pop-opr__button.js_aiImage)
[2026-03-11 17:54:52] [INFO] 【步骤 11】输入标题到AI配图
[2026-03-11 17:54:52] [INFO] [成功] ✓ [选择器] textarea#ai-image-prompt -> 找到 (超时: 5.0s)
[2026-03-11 17:54:52] [INFO] [操作] 点击 | 目标: AI配图输入框
[2026-03-11 17:54:53] [INFO] [操作] 填写 | 目标: AI配图输入框 | 详情: 标题: AI大模型技术持续突破，应用场景不断拓展...
[2026-03-11 17:54:53] [INFO] [成功] ✓ 已输入标题: AI大模型技术持续突破，应用场景不断拓展...
[2026-03-11 17:54:55] [INFO] 【步骤 12】点击开始创作
[2026-03-11 17:54:55] [INFO] [信息] 点击开始创作前已有 40 张图片
[2026-03-11 17:54:55] [INFO] [操作] JavaScript点击 | 目标: 开始创作按钮 | 详情: 查找包含'开始创作'文本的按钮
[2026-03-11 17:54:55] [INFO] [成功] ✓ 点击开始创作成功
[2026-03-11 17:54:55] [INFO] 【步骤 13】等待AI生成新图片
[2026-03-11 17:54:58] [DEBUG] [调试] 等待AI新图片... 2s / 60s, 当前 40 张 (之前 40 张)
[2026-03-11 17:55:01] [DEBUG] [调试] 等待AI新图片... 4s / 60s, 当前 40 张 (之前 40 张)
[2026-03-11 17:55:03] [DEBUG] [调试] 等待AI新图片... 6s / 60s, 当前 40 张 (之前 40 张)
[2026-03-11 17:55:06] [DEBUG] [调试] 等待AI新图片... 8s / 60s, 当前 40 张 (之前 40 张)
[2026-03-11 17:55:08] [DEBUG] [调试] 等待AI新图片... 10s / 60s, 当前 40 张 (之前 40 张)
[2026-03-11 17:55:11] [DEBUG] [调试] 等待AI新图片... 12s / 60s, 当前 40 张 (之前 40 张)
[2026-03-11 17:55:13] [DEBUG] [调试] 等待AI新图片... 14s / 60s, 当前 40 张 (之前 40 张)
[2026-03-11 17:55:15] [DEBUG] [调试] 等待AI新图片... 16s / 60s, 当前 40 张 (之前 40 张)
[2026-03-11 17:55:18] [DEBUG] [调试] 等待AI新图片... 18s / 60s, 当前 44 张 (之前 40 张)
[2026-03-11 17:55:18] [INFO] [成功] ✓ AI新图片已生成，新增 4 张，共 44 张，用时 18 秒
[2026-03-11 17:55:18] [INFO] 【步骤 14】选择最新生成的图片
[2026-03-11 17:55:18] [INFO] [操作] JavaScript点击 | 目标: 最新图片 | 详情: 第 44 张图片
[2026-03-11 17:55:18] [INFO] [成功] ✓ 已点击最新图片 (clicked last of 44)
[2026-03-11 17:55:20] [INFO] 【步骤 15】点击使用按钮
[2026-03-11 17:55:20] [INFO] [操作] JavaScript点击 | 目标: 使用按钮 | 详情: 第 1 次尝试
[2026-03-11 17:55:20] [INFO] [成功] ✓ 点击使用成功 (使用)
[2026-03-11 17:55:22] [INFO] 【步骤 16】点击确认按钮
[2026-03-11 17:55:22] [DEBUG] [调试] 查找确认按钮... 第 1 次尝试
[2026-03-11 17:55:22] [INFO] [成功] ✓ 点击确认成功 (method1: 确认)
[2026-03-11 17:55:24] [INFO] [成功] ✓ AI配图完成
[2026-03-11 17:55:24] [INFO] 【步骤 17】开始发布文章
[2026-03-11 17:55:24] [INFO] 【步骤 18】点击发表按钮
[2026-03-11 17:55:25] [INFO] [操作] JavaScript点击 | 目标: 发表按钮 | 详情: button.mass_send
[2026-03-11 17:55:25] [INFO] [成功] ✓ 已点击发表按钮
[2026-03-11 17:55:28] [INFO] 【步骤 19】点击确认发表
[2026-03-11 17:55:28] [INFO] [操作] JavaScript点击 | 目标: 确认发表按钮 | 详情: 查找包含'发表'文本的按钮
[2026-03-11 17:55:28] [ERROR] [失败] ✗ 未找到确认发表按钮
[2026-03-11 17:55:28] [ERROR] [失败] ✗ 发布失败
异常类型: Exception
异常信息: 未找到确认发表按钮
堆栈跟踪:
Traceback (most recent call last):
  File "D:\OpenClaw-Projects\wechat-ai-assistant\src\tools\rpa_tool.py", line 2445, in publish
    raise Exception("未找到确认发表按钮")
Exception: 未找到确认发表按钮

[2026-03-11 17:56:03] [INFO] 【步骤 20】WeChatRPA 初始化
[2026-03-11 17:56:03] [DEBUG] [调试] 配置: headless=False, slow_mo=500, timeout=30000
[2026-03-11 17:56:03] [DEBUG] [调试] 状态目录: data\rpa_state
[2026-03-11 17:56:26] [INFO] 【步骤 21】开始点击'文章'按钮
[2026-03-11 17:56:26] [INFO] [页面状态] URL: https://mp.weixin.qq.com/cgi-bin/home?t=home/index&lang=zh_CN&token=1868011464
[2026-03-11 17:56:26] [DEBUG] [调试] 准备尝试 15 个选择器
[2026-03-11 17:56:26] [DEBUG] [调试] [1/15] 尝试选择器: .new-creation__menu-item:has(.new-creation__menu-title:has-text("文章"))
[2026-03-11 17:56:26] [INFO] [成功] ✓ [选择器] .new-creation__menu-item:has(.new-creation__menu-title:has-text("文章")) -> 找到 (超时: 5.0s)
[2026-03-11 17:56:26] [INFO] [操作] 查找按钮 | 目标: 文章按钮 | 详情: 选择器: .new-creation__menu-item:has(.new-creation__menu-title:has-text("文章")), 文字: 文章
[2026-03-11 17:56:26] [INFO] [操作] 点击 | 目标: 文章按钮 | 详情: 使用JavaScript点击
[2026-03-11 17:56:26] [INFO] [成功] ✓ JavaScript 点击成功: clicked new-creation menu item
[2026-03-11 17:56:26] [INFO] [成功] ✓ 已点击'文章'按钮
[2026-03-11 17:56:41] [INFO] 【步骤 22】开始填写标题
[2026-03-11 17:56:41] [DEBUG] [调试] 标题内容长度: 20
[2026-03-11 17:56:41] [INFO] [操作] 查找标题输入框 | 目标: .ProseMirror[contenteditable="true"][data-placeholder*="标题"] | 详情: ProseMirror编辑器
[2026-03-11 17:56:46] [WARNING] [警告] ! 新版标题填写失败: Locator.wait_for: Timeout 5000ms exceeded.
Call log:
  - waiting for locator(".ProseMirror[contenteditable=\"true\"][data-placeholder*=\"标题\"]").first to be visible

[2026-03-11 17:56:46] [INFO] 【步骤 23】尝试旧版标题输入框
[2026-03-11 17:56:46] [INFO] [操作] 查找标题输入框 | 目标: #title | 详情: 旧版编辑器
[2026-03-11 17:56:46] [INFO] [成功] ✓ [选择器] #title -> 找到 (超时: 5.0s)
[2026-03-11 17:56:46] [INFO] [操作] 填写 | 目标: 标题输入框(旧版) | 详情: 内容: AI大模型技术持续突破，应用场景不断拓展...
[2026-03-11 17:56:47] [INFO] [成功] ✓ 标题填写成功(旧版)
[2026-03-11 17:56:49] [INFO] 【步骤 24】开始填写作者
[2026-03-11 17:56:49] [INFO] [操作] 查找作者输入框 | 目标: input#author
[2026-03-11 17:56:49] [INFO] [成功] ✓ [选择器] input#author -> 找到 (超时: 10.0s)
[2026-03-11 17:56:49] [INFO] [操作] 点击 | 目标: 作者输入框 | 详情: 聚焦
[2026-03-11 17:56:50] [INFO] [操作] 键盘操作 | 目标: 作者输入框 | 详情: Control+a 全选
[2026-03-11 17:56:51] [INFO] [操作] 填写 | 目标: 作者输入框 | 详情: 内容: AI小编
[2026-03-11 17:56:51] [INFO] [成功] ✓ 作者填写成功
[2026-03-11 17:56:53] [INFO] 【步骤 25】开始填写正文
[2026-03-11 17:56:53] [DEBUG] [调试] 正文长度: 1135 字符
[2026-03-11 17:56:53] [INFO] [操作] 尝试 | 目标: 正文编辑器 | 详情: ProseMirror方式
[2026-03-11 17:56:53] [INFO] 【步骤 26】查找ProseMirror正文编辑器
[2026-03-11 17:56:53] [DEBUG] [调试] 准备尝试 4 个选择器
[2026-03-11 17:56:53] [DEBUG] [调试] [1/4] 尝试选择器: div.ProseMirror[contenteditable="true"]:has(.editor_content_placeholder:has-text("从这里开始写正文"))
[2026-03-11 17:56:53] [INFO] [成功] ✓ [选择器] div.ProseMirror[contenteditable="true"]:has(.editor_content_placeholder:has-text("从这里开始写正文")) -> 找到 (超时: 5.0s)
[2026-03-11 17:56:53] [INFO] [操作] 点击 | 目标: 正文编辑器 | 详情: 选择器: div.ProseMirror[contenteditable="true"]:has(.editor_content_placeholder:has-text("从这里开始写正文"))
[2026-03-11 17:56:54] [INFO] [操作] 键盘操作 | 目标: 正文编辑器 | 详情: Control+a 全选
[2026-03-11 17:56:55] [INFO] [操作] 填写 | 目标: 正文编辑器 | 详情: 内容长度: 1135
[2026-03-11 17:56:56] [INFO] [成功] ✓ 正文填写成功(ProseMirror)
[2026-03-11 17:56:59] [INFO] 【步骤 27】开始AI配图生成封面
[2026-03-11 17:56:59] [INFO] 【步骤 28】Hover封面区域
[2026-03-11 17:56:59] [INFO] [成功] ✓ [选择器] .select-cover__btn.js_cover_btn_area -> 找到 (超时: 5.0s)
[2026-03-11 17:56:59] [INFO] [操作] Hover | 目标: 封面区域
[2026-03-11 17:57:01] [INFO] [成功] ✓ 已hover封面区域
[2026-03-11 17:57:02] [INFO] 【步骤 29】点击AI配图按钮
[2026-03-11 17:57:02] [DEBUG] [调试] 等待菜单弹出...
[2026-03-11 17:57:02] [WARNING] [警告] ! 菜单未显示，等待后再次检查...
[2026-03-11 17:57:07] [INFO] [操作] JavaScript点击 | 目标: AI配图按钮 | 详情: 在菜单中查找AI配图链接
[2026-03-11 17:57:07] [INFO] [成功] ✓ 点击AI配图成功 (method1: a.pop-opr__button.js_aiImage)
[2026-03-11 17:57:09] [INFO] 【步骤 30】输入标题到AI配图
[2026-03-11 17:57:09] [INFO] [成功] ✓ [选择器] textarea#ai-image-prompt -> 找到 (超时: 5.0s)
[2026-03-11 17:57:09] [INFO] [操作] 点击 | 目标: AI配图输入框
[2026-03-11 17:57:10] [INFO] [操作] 填写 | 目标: AI配图输入框 | 详情: 标题: AI大模型技术持续突破，应用场景不断拓展...
[2026-03-11 17:57:10] [INFO] [成功] ✓ 已输入标题: AI大模型技术持续突破，应用场景不断拓展...
[2026-03-11 17:57:12] [INFO] 【步骤 31】点击开始创作
[2026-03-11 17:57:12] [INFO] [信息] 点击开始创作前已有 40 张图片
[2026-03-11 17:57:12] [INFO] [操作] JavaScript点击 | 目标: 开始创作按钮 | 详情: 查找包含'开始创作'文本的按钮
[2026-03-11 17:57:12] [INFO] [成功] ✓ 点击开始创作成功
[2026-03-11 17:57:12] [INFO] 【步骤 32】等待AI生成新图片
[2026-03-11 17:57:15] [DEBUG] [调试] 等待AI新图片... 2s / 60s, 当前 40 张 (之前 40 张)
[2026-03-11 17:57:18] [DEBUG] [调试] 等待AI新图片... 4s / 60s, 当前 40 张 (之前 40 张)
[2026-03-11 17:57:21] [DEBUG] [调试] 等待AI新图片... 6s / 60s, 当前 40 张 (之前 40 张)
[2026-03-11 17:57:24] [DEBUG] [调试] 等待AI新图片... 8s / 60s, 当前 40 张 (之前 40 张)
[2026-03-11 17:57:26] [DEBUG] [调试] 等待AI新图片... 10s / 60s, 当前 40 张 (之前 40 张)
[2026-03-11 17:57:29] [DEBUG] [调试] 等待AI新图片... 12s / 60s, 当前 44 张 (之前 40 张)
[2026-03-11 17:57:29] [INFO] [成功] ✓ AI新图片已生成，新增 4 张，共 44 张，用时 12 秒
[2026-03-11 17:57:29] [INFO] 【步骤 33】选择最新生成的图片
[2026-03-11 17:57:29] [INFO] [操作] JavaScript点击 | 目标: 最新图片 | 详情: 第 44 张图片
[2026-03-11 17:57:29] [INFO] [成功] ✓ 已点击最新图片 (clicked last of 44)
[2026-03-11 17:57:31] [INFO] 【步骤 34】点击使用按钮
[2026-03-11 17:57:31] [INFO] [操作] JavaScript点击 | 目标: 使用按钮 | 详情: 第 1 次尝试
[2026-03-11 17:57:31] [INFO] [成功] ✓ 点击使用成功 (使用)
[2026-03-11 17:57:33] [INFO] 【步骤 35】点击确认按钮
[2026-03-11 17:57:33] [DEBUG] [调试] 查找确认按钮... 第 1 次尝试
[2026-03-11 17:57:33] [INFO] [成功] ✓ 点击确认成功 (method1: 确认)
[2026-03-11 17:57:36] [INFO] [成功] ✓ AI配图完成
[2026-03-11 17:57:36] [INFO] 【步骤 36】开始发布文章
[2026-03-11 17:57:36] [INFO] 【步骤 37】点击发表按钮
[2026-03-11 17:57:37] [INFO] [操作] JavaScript点击 | 目标: 发表按钮 | 详情: button.mass_send
[2026-03-11 17:57:37] [INFO] [成功] ✓ 已点击发表按钮
[2026-03-11 17:57:40] [INFO] 【步骤 38】点击确认发表
[2026-03-11 17:57:40] [INFO] [操作] JavaScript点击 | 目标: 确认发表按钮 | 详情: 查找包含'发表'文本的按钮
[2026-03-11 17:57:40] [INFO] [成功] ✓ 已点击确认发表
[2026-03-11 17:57:42] [INFO] 【步骤 39】点击继续发表
[2026-03-11 17:57:42] [INFO] [操作] JavaScript点击 | 目标: 继续发表按钮 | 详情: 查找包含'继续发表'文本的按钮
[2026-03-11 17:57:42] [INFO] [成功] ✓ 已点击继续发表
[2026-03-11 17:57:42] [INFO] 【步骤 40】等待用户扫描二维码
[2026-03-11 17:57:42] [INFO] [信息] 等待用户扫码，最多60秒...
[2026-03-11 17:57:52] [INFO] [信息] 等待扫码中... 还剩 50 秒
[2026-03-11 17:58:01] [ERROR] [失败] ✗ 发布失败
异常类型: Error
异常信息: Page.evaluate: Execution context was destroyed, most likely because of a navigation
堆栈跟踪:
Traceback (most recent call last):
  File "D:\OpenClaw-Projects\wechat-ai-assistant\src\tools\rpa_tool.py", line 2501, in publish
    on_homepage = self.page.evaluate("""
  File "C:\Users\DELL\AppData\Local\Programs\Python\Python310\lib\site-packages\playwright\sync_api\_generated.py", line 8566, in evaluate
    self._sync(
  File "C:\Users\DELL\AppData\Local\Programs\Python\Python310\lib\site-packages\playwright\_impl\_sync_base.py", line 115, in _sync
    return task.result()
  File "C:\Users\DELL\AppData\Local\Programs\Python\Python310\lib\site-packages\playwright\_impl\_page.py", line 464, in evaluate
    return await self._main_frame.evaluate(expression, arg)
  File "C:\Users\DELL\AppData\Local\Programs\Python\Python310\lib\site-packages\playwright\_impl\_frame.py", line 320, in evaluate
    await self._channel.send(
  File "C:\Users\DELL\AppData\Local\Programs\Python\Python310\lib\site-packages\playwright\_impl\_connection.py", line 69, in send
    return await self._connection.wrap_api_call(
  File "C:\Users\DELL\AppData\Local\Programs\Python\Python310\lib\site-packages\playwright\_impl\_connection.py", line 559, in wrap_api_call
    raise rewrite_error(error, f"{parsed_st['apiName']}: {error}") from None
playwright._impl._errors.Error: Page.evaluate: Execution context was destroyed, most likely because of a navigation

