[2026-03-14 11:47:43] [INFO] [步骤 1] WeChatRPA 初始化
[2026-03-14 11:47:43] [DEBUG] [DEBUG] 配置: headless=False, slow_mo=500, timeout=30000
[2026-03-14 11:47:43] [DEBUG] [DEBUG] 状态目录: data\rpa_state
[2026-03-14 11:47:50] [INFO] [步骤 2] 开始点击'文章'按钮
[2026-03-14 11:47:50] [INFO] [页面状态] URL: https://mp.weixin.qq.com/cgi-bin/home?t=home/index&lang=zh_CN&token=1243292744
[2026-03-14 11:47:50] [DEBUG] [DEBUG] 准备尝试 15 个选择器
[2026-03-14 11:47:50] [DEBUG] [DEBUG] [1/15] 尝试选择器: .new-creation__menu-item:has(.new-creation__menu-title:has-text("文章"))
[2026-03-14 11:47:50] [INFO] [OK] [选择器] .new-creation__menu-item:has(.new-creation__menu-title:has-text("文章")) -> 找到 (超时: 5.0s)
[2026-03-14 11:47:50] [INFO] [操作] 查找按钮 | 目标: 文章按钮 | 详情: 选择器: .new-creation__menu-item:has(.new-creation__menu-title:has-text("文章")), 文字: 文章
[2026-03-14 11:47:50] [INFO] [操作] 点击 | 目标: 文章按钮 | 详情: 使用JavaScript点击
[2026-03-14 11:47:50] [INFO] [OK] JavaScript 点击成功: clicked new-creation menu item
[2026-03-14 11:47:50] [INFO] [OK] 已点击'文章'按钮
[2026-03-14 11:48:06] [INFO] [步骤 3] 开始填写标题
[2026-03-14 11:48:06] [DEBUG] [DEBUG] 标题内容长度: 24
[2026-03-14 11:48:06] [INFO] [操作] 查找标题输入框 | 目标: .ProseMirror[contenteditable="true"][data-placeholder*="标题"] | 详情: ProseMirror编辑器
[2026-03-14 11:48:11] [WARNING] [WARN] 新版标题填写失败: Locator.wait_for: Timeout 5000ms exceeded.
Call log:
  - waiting for locator(".ProseMirror[contenteditable=\"true\"][data-placeholder*=\"标题\"]").first to be visible

[2026-03-14 11:48:11] [INFO] [步骤 4] 尝试旧版标题输入框
[2026-03-14 11:48:11] [INFO] [操作] 查找标题输入框 | 目标: #title | 详情: 旧版编辑器
[2026-03-14 11:48:11] [INFO] [OK] [选择器] #title -> 找到 (超时: 5.0s)
[2026-03-14 11:48:11] [INFO] [操作] 填写 | 目标: 标题输入框(旧版) | 详情: 内容: 从芯片到量子：十大硬核科技如何重塑你的未来生活？...
[2026-03-14 11:48:12] [INFO] [OK] 标题填写成功(旧版)
[2026-03-14 11:48:14] [INFO] [步骤 5] 开始填写作者
[2026-03-14 11:48:14] [INFO] [操作] 查找作者输入框 | 目标: input#author
[2026-03-14 11:48:14] [INFO] [OK] [选择器] input#author -> 找到 (超时: 10.0s)
[2026-03-14 11:48:14] [INFO] [操作] 点击 | 目标: 作者输入框 | 详情: 聚焦
[2026-03-14 11:48:15] [INFO] [操作] 键盘操作 | 目标: 作者输入框 | 详情: Control+a 全选
[2026-03-14 11:48:16] [INFO] [操作] 填写 | 目标: 作者输入框 | 详情: 内容: AI小编
[2026-03-14 11:48:17] [INFO] [OK] 作者填写成功
[2026-03-14 11:48:18] [INFO] [步骤 6] 开始填写正文
[2026-03-14 11:48:18] [DEBUG] [DEBUG] 正文长度: 1365 字符
[2026-03-14 11:48:18] [INFO] [操作] 尝试 | 目标: 正文编辑器 | 详情: ProseMirror方式
[2026-03-14 11:48:18] [INFO] [步骤 7] 查找ProseMirror正文编辑器
[2026-03-14 11:48:18] [DEBUG] [DEBUG] 准备尝试 4 个选择器
[2026-03-14 11:48:18] [DEBUG] [DEBUG] [1/4] 尝试选择器: div.ProseMirror[contenteditable="true"]:has(.editor_content_placeholder:has-text("从这里开始写正文"))
[2026-03-14 11:48:18] [INFO] [OK] [选择器] div.ProseMirror[contenteditable="true"]:has(.editor_content_placeholder:has-text("从这里开始写正文")) -> 找到 (超时: 5.0s)
[2026-03-14 11:48:18] [INFO] [操作] 点击 | 目标: 正文编辑器 | 详情: 选择器: div.ProseMirror[contenteditable="true"]:has(.editor_content_placeholder:has-text("从这里开始写正文"))
[2026-03-14 11:48:19] [INFO] [操作] 键盘操作 | 目标: 正文编辑器 | 详情: Control+a 全选
[2026-03-14 11:48:20] [INFO] [操作] 填写 | 目标: 正文编辑器 | 详情: 内容长度: 1365
[2026-03-14 11:48:21] [INFO] [OK] 正文填写成功(ProseMirror)
[2026-03-14 11:48:24] [INFO] [步骤 8] 开始AI配图生成封面
[2026-03-14 11:48:24] [INFO] [步骤 9] Hover封面区域
[2026-03-14 11:48:24] [INFO] [OK] [选择器] .select-cover__btn.js_cover_btn_area -> 找到 (超时: 5.0s)
[2026-03-14 11:48:24] [INFO] [操作] Hover | 目标: 封面区域
[2026-03-14 11:48:26] [INFO] [OK] 已hover封面区域
[2026-03-14 11:48:26] [INFO] [步骤 10] 点击AI配图按钮
[2026-03-14 11:48:26] [DEBUG] [DEBUG] 等待菜单弹出...
[2026-03-14 11:48:26] [WARNING] [WARN] 菜单未显示，等待后再次检查...
[2026-03-14 11:48:31] [INFO] [操作] JavaScript点击 | 目标: AI配图按钮 | 详情: 在菜单中查找AI配图链接
[2026-03-14 11:48:31] [INFO] [OK] 点击AI配图成功 (method1: a.pop-opr__button.js_aiImage)
[2026-03-14 11:48:34] [INFO] [步骤 11] 输入标题到AI配图
[2026-03-14 11:48:34] [INFO] [OK] [选择器] textarea#ai-image-prompt -> 找到 (超时: 5.0s)
[2026-03-14 11:48:34] [INFO] [操作] 点击 | 目标: AI配图输入框
[2026-03-14 11:48:34] [INFO] [操作] 填写 | 目标: AI配图输入框 | 详情: 标题: 从芯片到量子：十大硬核科技如何重塑你的未来生活？...
[2026-03-14 11:48:35] [INFO] [OK] 已输入标题: 从芯片到量子：十大硬核科技如何重塑你的未来生活？...
[2026-03-14 11:48:36] [INFO] [步骤 12] 点击开始创作
[2026-03-14 11:48:36] [INFO] [INFO] 点击开始创作前已有 40 张图片
[2026-03-14 11:48:36] [INFO] [操作] JavaScript点击 | 目标: 开始创作按钮 | 详情: 查找包含'开始创作'文本的按钮
[2026-03-14 11:48:36] [INFO] [OK] 点击开始创作成功
[2026-03-14 11:48:36] [INFO] [步骤 13] 等待AI生成新图片
[2026-03-14 11:48:39] [DEBUG] [DEBUG] 等待AI新图片... 2s / 60s, 当前 40 张 (之前 40 张)
[2026-03-14 11:48:42] [DEBUG] [DEBUG] 等待AI新图片... 4s / 60s, 当前 40 张 (之前 40 张)
[2026-03-14 11:48:44] [DEBUG] [DEBUG] 等待AI新图片... 6s / 60s, 当前 40 张 (之前 40 张)
[2026-03-14 11:48:47] [DEBUG] [DEBUG] 等待AI新图片... 8s / 60s, 当前 40 张 (之前 40 张)
[2026-03-14 11:48:49] [DEBUG] [DEBUG] 等待AI新图片... 10s / 60s, 当前 40 张 (之前 40 张)
[2026-03-14 11:48:51] [DEBUG] [DEBUG] 等待AI新图片... 12s / 60s, 当前 40 张 (之前 40 张)
[2026-03-14 11:48:54] [DEBUG] [DEBUG] 等待AI新图片... 14s / 60s, 当前 40 张 (之前 40 张)
[2026-03-14 11:48:57] [DEBUG] [DEBUG] 等待AI新图片... 16s / 60s, 当前 40 张 (之前 40 张)
[2026-03-14 11:48:59] [DEBUG] [DEBUG] 等待AI新图片... 18s / 60s, 当前 44 张 (之前 40 张)
[2026-03-14 11:48:59] [INFO] [OK] AI新图片已生成，新增 4 张，共 44 张，用时 18 秒
[2026-03-14 11:49:00] [INFO] [步骤 14] 选择最新生成的图片
[2026-03-14 11:49:00] [INFO] [操作] JavaScript点击 | 目标: 最新图片 | 详情: 第 44 张图片
[2026-03-14 11:49:00] [INFO] [OK] 已点击最新图片 (clicked last of 44)
[2026-03-14 11:49:01] [INFO] [步骤 15] 点击使用按钮
[2026-03-14 11:49:01] [INFO] [操作] JavaScript点击 | 目标: 使用按钮 | 详情: 第 1 次尝试
[2026-03-14 11:49:01] [INFO] [OK] 点击使用成功 (使用)
[2026-03-14 11:49:03] [INFO] [步骤 16] 点击确认按钮
[2026-03-14 11:49:03] [DEBUG] [DEBUG] 查找确认按钮... 第 1 次尝试
[2026-03-14 11:49:03] [INFO] [OK] 点击确认成功 (method1: 确认)
[2026-03-14 11:49:06] [INFO] [OK] AI配图完成
[2026-03-14 11:49:06] [INFO] [步骤 17] 开始发布文章
[2026-03-14 11:49:06] [INFO] [步骤 18] 点击发表按钮
[2026-03-14 11:49:08] [INFO] [操作] JavaScript点击 | 目标: 发表按钮 | 详情: button.mass_send
[2026-03-14 11:49:08] [INFO] [OK] 已点击发表按钮
[2026-03-14 11:49:11] [INFO] [步骤 19] 点击确认发表
[2026-03-14 11:49:11] [INFO] [INFO] 等待确认发表按钮出现...
[2026-03-14 11:49:11] [DEBUG] [DEBUG] 等待确认按钮... 1/10
[2026-03-14 11:49:12] [DEBUG] [DEBUG] 等待确认按钮... 2/10
[2026-03-14 11:49:13] [DEBUG] [DEBUG] 等待确认按钮... 3/10
[2026-03-14 11:49:14] [DEBUG] [DEBUG] 等待确认按钮... 4/10
[2026-03-14 11:49:14] [DEBUG] [DEBUG] 等待确认按钮... 5/10
[2026-03-14 11:49:15] [DEBUG] [DEBUG] 等待确认按钮... 6/10
[2026-03-14 11:49:16] [DEBUG] [DEBUG] 等待确认按钮... 7/10
[2026-03-14 11:49:16] [DEBUG] [DEBUG] 等待确认按钮... 8/10
[2026-03-14 11:49:17] [DEBUG] [DEBUG] 等待确认按钮... 9/10
[2026-03-14 11:49:18] [DEBUG] [DEBUG] 等待确认按钮... 10/10
[2026-03-14 11:49:18] [ERROR] [FAIL] 未找到确认发表按钮
[2026-03-14 11:49:18] [ERROR] [FAIL] 发布失败
异常类型: Exception
异常信息: 未找到确认发表按钮
堆栈跟踪:
Traceback (most recent call last):
  File "D:\OpenClaw-Projects\wechat-ai-assistant\src\tools\rpa_tool.py", line 2457, in publish
    raise Exception("未找到确认发表按钮")
Exception: 未找到确认发表按钮

