[2026-03-11 19:11:24] [INFO] [步骤 1] WeChatRPA 初始化
[2026-03-11 19:11:24] [DEBUG] [DEBUG] 配置: headless=False, slow_mo=500, timeout=30000
[2026-03-11 19:11:24] [DEBUG] [DEBUG] 状态目录: data\rpa_state
[2026-03-11 19:11:57] [INFO] [步骤 2] 开始点击'文章'按钮
[2026-03-11 19:11:57] [INFO] [页面状态] URL: https://mp.weixin.qq.com/cgi-bin/home?t=home/index&lang=zh_CN&token=1517289311
[2026-03-11 19:11:57] [DEBUG] [DEBUG] 准备尝试 15 个选择器
[2026-03-11 19:11:57] [DEBUG] [DEBUG] [1/15] 尝试选择器: .new-creation__menu-item:has(.new-creation__menu-title:has-text("文章"))
[2026-03-11 19:11:57] [INFO] [OK] [选择器] .new-creation__menu-item:has(.new-creation__menu-title:has-text("文章")) -> 找到 (超时: 5.0s)
[2026-03-11 19:11:57] [INFO] [操作] 查找按钮 | 目标: 文章按钮 | 详情: 选择器: .new-creation__menu-item:has(.new-creation__menu-title:has-text("文章")), 文字: 文章
[2026-03-11 19:11:57] [INFO] [操作] 点击 | 目标: 文章按钮 | 详情: 使用JavaScript点击
[2026-03-11 19:11:57] [INFO] [OK] JavaScript 点击成功: clicked new-creation menu item
[2026-03-11 19:11:57] [INFO] [OK] 已点击'文章'按钮
[2026-03-11 19:12:13] [INFO] [步骤 3] 开始填写标题
[2026-03-11 19:12:13] [DEBUG] [DEBUG] 标题内容长度: 25
[2026-03-11 19:12:13] [INFO] [操作] 查找标题输入框 | 目标: .ProseMirror[contenteditable="true"][data-placeholder*="标题"] | 详情: ProseMirror编辑器
[2026-03-11 19:12:18] [WARNING] [WARN] 新版标题填写失败: Locator.wait_for: Timeout 5000ms exceeded.
Call log:
  - waiting for locator(".ProseMirror[contenteditable=\"true\"][data-placeholder*=\"标题\"]").first to be visible

[2026-03-11 19:12:18] [INFO] [步骤 4] 尝试旧版标题输入框
[2026-03-11 19:12:18] [INFO] [操作] 查找标题输入框 | 目标: #title | 详情: 旧版编辑器
[2026-03-11 19:12:18] [INFO] [OK] [选择器] #title -> 找到 (超时: 5.0s)
[2026-03-11 19:12:18] [INFO] [操作] 填写 | 目标: 标题输入框(旧版) | 详情: 内容: 从春运到银发经济，这十大民生变化正悄然改变你的生活...
[2026-03-11 19:12:19] [INFO] [OK] 标题填写成功(旧版)
[2026-03-11 19:12:21] [INFO] [步骤 5] 开始填写作者
[2026-03-11 19:12:21] [INFO] [操作] 查找作者输入框 | 目标: input#author
[2026-03-11 19:12:21] [INFO] [OK] [选择器] input#author -> 找到 (超时: 10.0s)
[2026-03-11 19:12:21] [INFO] [操作] 点击 | 目标: 作者输入框 | 详情: 聚焦
[2026-03-11 19:12:22] [INFO] [操作] 键盘操作 | 目标: 作者输入框 | 详情: Control+a 全选
[2026-03-11 19:12:23] [INFO] [操作] 填写 | 目标: 作者输入框 | 详情: 内容: AI小编
[2026-03-11 19:12:23] [INFO] [OK] 作者填写成功
[2026-03-11 19:12:25] [INFO] [步骤 6] 开始填写正文
[2026-03-11 19:12:25] [DEBUG] [DEBUG] 正文长度: 1012 字符
[2026-03-11 19:12:25] [INFO] [操作] 尝试 | 目标: 正文编辑器 | 详情: ProseMirror方式
[2026-03-11 19:12:25] [INFO] [步骤 7] 查找ProseMirror正文编辑器
[2026-03-11 19:12:25] [DEBUG] [DEBUG] 准备尝试 4 个选择器
[2026-03-11 19:12:25] [DEBUG] [DEBUG] [1/4] 尝试选择器: div.ProseMirror[contenteditable="true"]:has(.editor_content_placeholder:has-text("从这里开始写正文"))
[2026-03-11 19:12:25] [INFO] [OK] [选择器] div.ProseMirror[contenteditable="true"]:has(.editor_content_placeholder:has-text("从这里开始写正文")) -> 找到 (超时: 5.0s)
[2026-03-11 19:12:25] [INFO] [操作] 点击 | 目标: 正文编辑器 | 详情: 选择器: div.ProseMirror[contenteditable="true"]:has(.editor_content_placeholder:has-text("从这里开始写正文"))
[2026-03-11 19:12:26] [INFO] [操作] 键盘操作 | 目标: 正文编辑器 | 详情: Control+a 全选
[2026-03-11 19:12:27] [INFO] [操作] 填写 | 目标: 正文编辑器 | 详情: 内容长度: 1012
[2026-03-11 19:12:28] [INFO] [OK] 正文填写成功(ProseMirror)
[2026-03-11 19:12:30] [INFO] [步骤 8] 开始AI配图生成封面
[2026-03-11 19:12:30] [INFO] [步骤 9] Hover封面区域
[2026-03-11 19:12:30] [INFO] [OK] [选择器] .select-cover__btn.js_cover_btn_area -> 找到 (超时: 5.0s)
[2026-03-11 19:12:30] [INFO] [操作] Hover | 目标: 封面区域
[2026-03-11 19:12:32] [INFO] [OK] 已hover封面区域
[2026-03-11 19:12:33] [INFO] [步骤 10] 点击AI配图按钮
[2026-03-11 19:12:33] [DEBUG] [DEBUG] 等待菜单弹出...
[2026-03-11 19:12:33] [WARNING] [WARN] 菜单未显示，等待后再次检查...
[2026-03-11 19:12:37] [INFO] [操作] JavaScript点击 | 目标: AI配图按钮 | 详情: 在菜单中查找AI配图链接
[2026-03-11 19:12:37] [INFO] [OK] 点击AI配图成功 (method1: a.pop-opr__button.js_aiImage)
[2026-03-11 19:12:39] [INFO] [步骤 11] 输入标题到AI配图
[2026-03-11 19:12:39] [INFO] [OK] [选择器] textarea#ai-image-prompt -> 找到 (超时: 5.0s)
[2026-03-11 19:12:39] [INFO] [操作] 点击 | 目标: AI配图输入框
[2026-03-11 19:12:40] [INFO] [操作] 填写 | 目标: AI配图输入框 | 详情: 标题: 从春运到银发经济，这十大民生变化正悄然改变你的生活...
[2026-03-11 19:12:40] [INFO] [OK] 已输入标题: 从春运到银发经济，这十大民生变化正悄然改变你的生活...
[2026-03-11 19:12:42] [INFO] [步骤 12] 点击开始创作
[2026-03-11 19:12:42] [INFO] [INFO] 点击开始创作前已有 40 张图片
[2026-03-11 19:12:42] [INFO] [操作] JavaScript点击 | 目标: 开始创作按钮 | 详情: 查找包含'开始创作'文本的按钮
[2026-03-11 19:12:42] [INFO] [OK] 点击开始创作成功
[2026-03-11 19:12:42] [INFO] [步骤 13] 等待AI生成新图片
[2026-03-11 19:12:44] [DEBUG] [DEBUG] 等待AI新图片... 2s / 60s, 当前 40 张 (之前 40 张)
[2026-03-11 19:12:46] [DEBUG] [DEBUG] 等待AI新图片... 4s / 60s, 当前 40 张 (之前 40 张)
[2026-03-11 19:12:49] [DEBUG] [DEBUG] 等待AI新图片... 6s / 60s, 当前 40 张 (之前 40 张)
[2026-03-11 19:12:51] [DEBUG] [DEBUG] 等待AI新图片... 8s / 60s, 当前 40 张 (之前 40 张)
[2026-03-11 19:12:54] [DEBUG] [DEBUG] 等待AI新图片... 10s / 60s, 当前 40 张 (之前 40 张)
[2026-03-11 19:12:56] [DEBUG] [DEBUG] 等待AI新图片... 12s / 60s, 当前 40 张 (之前 40 张)
[2026-03-11 19:12:59] [DEBUG] [DEBUG] 等待AI新图片... 14s / 60s, 当前 44 张 (之前 40 张)
[2026-03-11 19:12:59] [INFO] [OK] AI新图片已生成，新增 4 张，共 44 张，用时 14 秒
[2026-03-11 19:13:00] [INFO] [步骤 14] 选择最新生成的图片
[2026-03-11 19:13:00] [INFO] [操作] JavaScript点击 | 目标: 最新图片 | 详情: 第 44 张图片
[2026-03-11 19:13:00] [INFO] [OK] 已点击最新图片 (clicked last of 44)
[2026-03-11 19:13:01] [INFO] [步骤 15] 点击使用按钮
[2026-03-11 19:13:01] [INFO] [操作] JavaScript点击 | 目标: 使用按钮 | 详情: 第 1 次尝试
[2026-03-11 19:13:02] [INFO] [OK] 点击使用成功 (使用)
[2026-03-11 19:13:04] [INFO] [步骤 16] 点击确认按钮
[2026-03-11 19:13:04] [DEBUG] [DEBUG] 查找确认按钮... 第 1 次尝试
[2026-03-11 19:13:04] [INFO] [OK] 点击确认成功 (method1: 确认)
[2026-03-11 19:13:07] [INFO] [OK] AI配图完成
[2026-03-11 19:13:07] [INFO] [步骤 17] 开始发布文章
[2026-03-11 19:13:07] [INFO] [步骤 18] 点击发表按钮
[2026-03-11 19:13:08] [INFO] [操作] JavaScript点击 | 目标: 发表按钮 | 详情: button.mass_send
[2026-03-11 19:13:08] [INFO] [OK] 已点击发表按钮
[2026-03-11 19:13:11] [INFO] [步骤 19] 点击确认发表
[2026-03-11 19:13:11] [INFO] [操作] JavaScript点击 | 目标: 确认发表按钮 | 详情: 查找包含'发表'文本的按钮
[2026-03-11 19:13:11] [INFO] [OK] 已点击确认发表
[2026-03-11 19:13:14] [INFO] [步骤 20] 点击继续发表
[2026-03-11 19:13:14] [INFO] [操作] JavaScript点击 | 目标: 继续发表按钮 | 详情: 查找包含'继续发表'文本的按钮
[2026-03-11 19:13:14] [INFO] [OK] 已点击继续发表
[2026-03-11 19:13:14] [INFO] [步骤 21] 等待用户扫描二维码
[2026-03-11 19:13:14] [INFO] [INFO] 等待用户扫码，最多60秒...
[2026-03-11 19:13:24] [INFO] [INFO] 等待扫码中... 还剩 50 秒
